{"/Users/dongjiang/Documents/workspace/gitClone/self/toolkit/packages/utils/src/regex/index.ts": {"path":"/Users/dongjiang/Documents/workspace/gitClone/self/toolkit/packages/utils/src/regex/index.ts","all":false,"statementMap":{"0":{"start":{"line":1,"column":0},"end":{"line":1,"column":50}},"1":{"start":{"line":2,"column":0},"end":{"line":2,"column":37}},"2":{"start":{"line":3,"column":0},"end":{"line":3,"column":39}},"3":{"start":{"line":4,"column":0},"end":{"line":4,"column":0}},"4":{"start":{"line":5,"column":0},"end":{"line":5,"column":19}},"5":{"start":{"line":6,"column":0},"end":{"line":6,"column":26}},"6":{"start":{"line":7,"column":0},"end":{"line":7,"column":0}},"7":{"start":{"line":8,"column":0},"end":{"line":8,"column":41}},"8":{"start":{"line":9,"column":0},"end":{"line":9,"column":37}},"9":{"start":{"line":10,"column":0},"end":{"line":10,"column":2}},"10":{"start":{"line":11,"column":0},"end":{"line":11,"column":0}},"11":{"start":{"line":12,"column":0},"end":{"line":12,"column":41}},"12":{"start":{"line":13,"column":0},"end":{"line":13,"column":31}},"13":{"start":{"line":14,"column":0},"end":{"line":14,"column":70}},"14":{"start":{"line":15,"column":0},"end":{"line":15,"column":3}},"15":{"start":{"line":16,"column":0},"end":{"line":16,"column":32}},"16":{"start":{"line":17,"column":0},"end":{"line":17,"column":2}},"17":{"start":{"line":18,"column":0},"end":{"line":18,"column":0}},"18":{"start":{"line":19,"column":0},"end":{"line":19,"column":74}},"19":{"start":{"line":20,"column":0},"end":{"line":20,"column":54}},"20":{"start":{"line":21,"column":0},"end":{"line":21,"column":46}},"21":{"start":{"line":22,"column":0},"end":{"line":22,"column":35}},"22":{"start":{"line":23,"column":0},"end":{"line":23,"column":0}},"23":{"start":{"line":24,"column":0},"end":{"line":24,"column":56}},"24":{"start":{"line":25,"column":0},"end":{"line":25,"column":53}},"25":{"start":{"line":26,"column":0},"end":{"line":26,"column":43}},"26":{"start":{"line":27,"column":0},"end":{"line":27,"column":53}},"27":{"start":{"line":28,"column":0},"end":{"line":28,"column":3}},"28":{"start":{"line":29,"column":0},"end":{"line":29,"column":13}},"29":{"start":{"line":30,"column":0},"end":{"line":30,"column":2}},"30":{"start":{"line":31,"column":0},"end":{"line":31,"column":1}},"31":{"start":{"line":32,"column":0},"end":{"line":32,"column":0}},"32":{"start":{"line":33,"column":0},"end":{"line":33,"column":49}}},"s":{"0":1,"1":1,"2":1,"3":1,"4":1,"5":1,"6":1,"7":1,"8":1,"9":1,"10":1,"11":1,"12":2,"13":1,"14":1,"15":2,"16":2,"17":1,"18":1,"19":1,"20":5,"21":5,"22":4,"23":5,"24":2,"25":2,"26":1,"27":1,"28":1,"29":5,"30":1,"31":1,"32":1},"branchMap":{"0":{"type":"branch","line":8,"loc":{"start":{"line":8,"column":1},"end":{"line":10,"column":2}},"locations":[{"start":{"line":8,"column":1},"end":{"line":10,"column":2}}]},"1":{"type":"branch","line":9,"loc":{"start":{"line":9,"column":20},"end":{"line":9,"column":37}},"locations":[{"start":{"line":9,"column":20},"end":{"line":9,"column":37}}]},"2":{"type":"branch","line":12,"loc":{"start":{"line":12,"column":1},"end":{"line":17,"column":2}},"locations":[{"start":{"line":12,"column":1},"end":{"line":17,"column":2}}]},"3":{"type":"branch","line":13,"loc":{"start":{"line":13,"column":30},"end":{"line":15,"column":3}},"locations":[{"start":{"line":13,"column":30},"end":{"line":15,"column":3}}]},"4":{"type":"branch","line":20,"loc":{"start":{"line":20,"column":1},"end":{"line":30,"column":2}},"locations":[{"start":{"line":20,"column":1},"end":{"line":30,"column":2}}]},"5":{"type":"branch","line":22,"loc":{"start":{"line":22,"column":17},"end":{"line":22,"column":35}},"locations":[{"start":{"line":22,"column":17},"end":{"line":22,"column":35}}]},"6":{"type":"branch","line":22,"loc":{"start":{"line":22,"column":33},"end":{"line":24,"column":23}},"locations":[{"start":{"line":22,"column":33},"end":{"line":24,"column":23}}]},"7":{"type":"branch","line":24,"loc":{"start":{"line":24,"column":11},"end":{"line":24,"column":55}},"locations":[{"start":{"line":24,"column":11},"end":{"line":24,"column":55}}]},"8":{"type":"branch","line":24,"loc":{"start":{"line":24,"column":55},"end":{"line":28,"column":3}},"locations":[{"start":{"line":24,"column":55},"end":{"line":28,"column":3}}]},"9":{"type":"branch","line":25,"loc":{"start":{"line":25,"column":24},"end":{"line":25,"column":51}},"locations":[{"start":{"line":25,"column":24},"end":{"line":25,"column":51}}]},"10":{"type":"branch","line":26,"loc":{"start":{"line":26,"column":42},"end":{"line":28,"column":3}},"locations":[{"start":{"line":26,"column":42},"end":{"line":28,"column":3}}]},"11":{"type":"branch","line":28,"loc":{"start":{"line":28,"column":2},"end":{"line":29,"column":13}},"locations":[{"start":{"line":28,"column":2},"end":{"line":29,"column":13}}]},"12":{"type":"branch","line":33,"loc":{"start":{"line":33,"column":47},"end":{"line":33,"column":49}},"locations":[{"start":{"line":33,"column":47},"end":{"line":33,"column":49}}]}},"b":{"0":[1],"1":[0],"2":[2],"3":[1],"4":[5],"5":[1],"6":[4],"7":[2],"8":[2],"9":[1],"10":[1],"11":[1],"12":[14]},"fnMap":{"0":{"name":"RegexManage","decl":{"start":{"line":8,"column":1},"end":{"line":10,"column":2}},"loc":{"start":{"line":8,"column":1},"end":{"line":10,"column":2}},"line":8},"1":{"name":"inject","decl":{"start":{"line":12,"column":1},"end":{"line":17,"column":2}},"loc":{"start":{"line":12,"column":1},"end":{"line":17,"column":2}},"line":12},"2":{"name":"validator","decl":{"start":{"line":20,"column":1},"end":{"line":30,"column":2}},"loc":{"start":{"line":20,"column":1},"end":{"line":30,"column":2}},"line":20},"3":{"name":"get","decl":{"start":{"line":33,"column":47},"end":{"line":33,"column":49}},"loc":{"start":{"line":33,"column":47},"end":{"line":33,"column":49}},"line":33}},"f":{"0":1,"1":2,"2":5,"3":14}}
,"/Users/dongjiang/Documents/workspace/gitClone/self/toolkit/packages/utils/src/regex/rules.ts": {"path":"/Users/dongjiang/Documents/workspace/gitClone/self/toolkit/packages/utils/src/regex/rules.ts","all":false,"statementMap":{"0":{"start":{"line":1,"column":0},"end":{"line":1,"column":27}},"1":{"start":{"line":2,"column":0},"end":{"line":2,"column":7}},"2":{"start":{"line":3,"column":0},"end":{"line":3,"column":20}},"3":{"start":{"line":4,"column":0},"end":{"line":4,"column":19}},"4":{"start":{"line":5,"column":0},"end":{"line":5,"column":3}},"5":{"start":{"line":6,"column":0},"end":{"line":6,"column":10}},"6":{"start":{"line":7,"column":0},"end":{"line":7,"column":23}},"7":{"start":{"line":8,"column":0},"end":{"line":8,"column":19}},"8":{"start":{"line":9,"column":0},"end":{"line":9,"column":3}},"9":{"start":{"line":10,"column":0},"end":{"line":10,"column":10}},"10":{"start":{"line":11,"column":0},"end":{"line":11,"column":25}},"11":{"start":{"line":12,"column":0},"end":{"line":12,"column":22}},"12":{"start":{"line":13,"column":0},"end":{"line":13,"column":3}},"13":{"start":{"line":14,"column":0},"end":{"line":14,"column":9}},"14":{"start":{"line":15,"column":0},"end":{"line":15,"column":30}},"15":{"start":{"line":16,"column":0},"end":{"line":16,"column":22}},"16":{"start":{"line":17,"column":0},"end":{"line":17,"column":3}},"17":{"start":{"line":18,"column":0},"end":{"line":18,"column":7}},"18":{"start":{"line":19,"column":0},"end":{"line":19,"column":74}},"19":{"start":{"line":20,"column":0},"end":{"line":20,"column":24}},"20":{"start":{"line":21,"column":0},"end":{"line":21,"column":3}},"21":{"start":{"line":22,"column":0},"end":{"line":22,"column":9}},"22":{"start":{"line":23,"column":0},"end":{"line":23,"column":59}},"23":{"start":{"line":24,"column":0},"end":{"line":24,"column":21}},"24":{"start":{"line":25,"column":0},"end":{"line":25,"column":3}},"25":{"start":{"line":26,"column":0},"end":{"line":26,"column":10}},"26":{"start":{"line":27,"column":0},"end":{"line":27,"column":105}},"27":{"start":{"line":28,"column":0},"end":{"line":28,"column":25}},"28":{"start":{"line":29,"column":0},"end":{"line":29,"column":3}},"29":{"start":{"line":30,"column":0},"end":{"line":30,"column":8}},"30":{"start":{"line":31,"column":0},"end":{"line":31,"column":40}},"31":{"start":{"line":32,"column":0},"end":{"line":32,"column":23}},"32":{"start":{"line":33,"column":0},"end":{"line":33,"column":3}},"33":{"start":{"line":34,"column":0},"end":{"line":34,"column":9}},"34":{"start":{"line":35,"column":0},"end":{"line":35,"column":30}},"35":{"start":{"line":36,"column":0},"end":{"line":36,"column":19}},"36":{"start":{"line":37,"column":0},"end":{"line":37,"column":3}},"37":{"start":{"line":38,"column":0},"end":{"line":38,"column":10}},"38":{"start":{"line":39,"column":0},"end":{"line":39,"column":30}},"39":{"start":{"line":40,"column":0},"end":{"line":40,"column":23}},"40":{"start":{"line":41,"column":0},"end":{"line":41,"column":3}},"41":{"start":{"line":42,"column":0},"end":{"line":42,"column":8}},"42":{"start":{"line":43,"column":0},"end":{"line":43,"column":45}},"43":{"start":{"line":44,"column":0},"end":{"line":44,"column":21}},"44":{"start":{"line":45,"column":0},"end":{"line":45,"column":3}},"45":{"start":{"line":46,"column":0},"end":{"line":46,"column":8}},"46":{"start":{"line":47,"column":0},"end":{"line":47,"column":43}},"47":{"start":{"line":48,"column":0},"end":{"line":48,"column":21}},"48":{"start":{"line":49,"column":0},"end":{"line":49,"column":3}},"49":{"start":{"line":50,"column":0},"end":{"line":50,"column":19}},"50":{"start":{"line":51,"column":0},"end":{"line":51,"column":22}},"51":{"start":{"line":52,"column":0},"end":{"line":52,"column":20}},"52":{"start":{"line":53,"column":0},"end":{"line":53,"column":3}},"53":{"start":{"line":54,"column":0},"end":{"line":54,"column":2}}},"s":{"0":1,"1":1,"2":1,"3":1,"4":1,"5":1,"6":1,"7":1,"8":1,"9":1,"10":1,"11":1,"12":1,"13":1,"14":1,"15":1,"16":1,"17":1,"18":1,"19":1,"20":1,"21":1,"22":1,"23":1,"24":1,"25":1,"26":1,"27":1,"28":1,"29":1,"30":1,"31":1,"32":1,"33":1,"34":1,"35":1,"36":1,"37":1,"38":1,"39":1,"40":1,"41":1,"42":1,"43":1,"44":1,"45":1,"46":1,"47":1,"48":1,"49":1,"50":1,"51":1,"52":1,"53":1},"branchMap":{"0":{"type":"branch","line":54,"loc":{"start":{"line":54,"column":0},"end":{"line":54,"column":2}},"locations":[{"start":{"line":54,"column":0},"end":{"line":54,"column":2}}]}},"b":{"0":[1]},"fnMap":{"0":{"name":"get","decl":{"start":{"line":54,"column":0},"end":{"line":54,"column":2}},"loc":{"start":{"line":54,"column":0},"end":{"line":54,"column":2}},"line":54}},"f":{"0":1}}
,"/Users/dongjiang/Documents/workspace/gitClone/self/toolkit/packages/utils/src/regex/utils.ts": {"path":"/Users/dongjiang/Documents/workspace/gitClone/self/toolkit/packages/utils/src/regex/utils.ts","all":false,"statementMap":{"0":{"start":{"line":1,"column":0},"end":{"line":1,"column":64}},"1":{"start":{"line":2,"column":0},"end":{"line":2,"column":56}},"2":{"start":{"line":3,"column":0},"end":{"line":3,"column":0}},"3":{"start":{"line":4,"column":0},"end":{"line":4,"column":76}},"4":{"start":{"line":5,"column":0},"end":{"line":5,"column":0}},"5":{"start":{"line":6,"column":0},"end":{"line":6,"column":54}},"6":{"start":{"line":7,"column":0},"end":{"line":7,"column":0}},"7":{"start":{"line":8,"column":0},"end":{"line":8,"column":14}},"8":{"start":{"line":9,"column":0},"end":{"line":9,"column":2}}},"s":{"0":1,"1":7,"2":5,"3":7,"4":4,"5":7,"6":3,"7":3,"8":7},"branchMap":{"0":{"type":"branch","line":1,"loc":{"start":{"line":1,"column":63},"end":{"line":9,"column":2}},"locations":[{"start":{"line":1,"column":63},"end":{"line":9,"column":2}}]},"1":{"type":"branch","line":2,"loc":{"start":{"line":2,"column":44},"end":{"line":2,"column":56}},"locations":[{"start":{"line":2,"column":44},"end":{"line":2,"column":56}}]},"2":{"type":"branch","line":2,"loc":{"start":{"line":2,"column":51},"end":{"line":4,"column":25}},"locations":[{"start":{"line":2,"column":51},"end":{"line":4,"column":25}}]},"3":{"type":"branch","line":4,"loc":{"start":{"line":4,"column":14},"end":{"line":4,"column":49}},"locations":[{"start":{"line":4,"column":14},"end":{"line":4,"column":49}}]},"4":{"type":"branch","line":4,"loc":{"start":{"line":4,"column":44},"end":{"line":4,"column":64}},"locations":[{"start":{"line":4,"column":44},"end":{"line":4,"column":64}}]},"5":{"type":"branch","line":4,"loc":{"start":{"line":4,"column":64},"end":{"line":4,"column":76}},"locations":[{"start":{"line":4,"column":64},"end":{"line":4,"column":76}}]},"6":{"type":"branch","line":4,"loc":{"start":{"line":4,"column":71},"end":{"line":6,"column":34}},"locations":[{"start":{"line":4,"column":71},"end":{"line":6,"column":34}}]},"7":{"type":"branch","line":6,"loc":{"start":{"line":6,"column":22},"end":{"line":6,"column":42}},"locations":[{"start":{"line":6,"column":22},"end":{"line":6,"column":42}}]},"8":{"type":"branch","line":6,"loc":{"start":{"line":6,"column":42},"end":{"line":6,"column":54}},"locations":[{"start":{"line":6,"column":42},"end":{"line":6,"column":54}}]},"9":{"type":"branch","line":6,"loc":{"start":{"line":6,"column":49},"end":{"line":9,"column":2}},"locations":[{"start":{"line":6,"column":49},"end":{"line":9,"column":2}}]},"10":{"type":"branch","line":9,"loc":{"start":{"line":9,"column":0},"end":{"line":9,"column":2}},"locations":[{"start":{"line":9,"column":0},"end":{"line":9,"column":2}}]}},"b":{"0":[7],"1":[2],"2":[5],"3":[3],"4":[2],"5":[1],"6":[4],"7":[2],"8":[1],"9":[3],"10":[7]},"fnMap":{"0":{"name":"isEmptyValue","decl":{"start":{"line":1,"column":63},"end":{"line":9,"column":2}},"loc":{"start":{"line":1,"column":63},"end":{"line":9,"column":2}},"line":1},"1":{"name":"get","decl":{"start":{"line":9,"column":0},"end":{"line":9,"column":2}},"loc":{"start":{"line":9,"column":0},"end":{"line":9,"column":2}},"line":9}},"f":{"0":7,"1":7}}
}
