{"/Users/dongjiang/Documents/workspace/gitClone/self/toolkit/packages/utils/src/storage/index.ts": {"path":"/Users/dongjiang/Documents/workspace/gitClone/self/toolkit/packages/utils/src/storage/index.ts","all":false,"statementMap":{"0":{"start":{"line":1,"column":0},"end":{"line":1,"column":59}},"1":{"start":{"line":2,"column":0},"end":{"line":2,"column":35}},"2":{"start":{"line":3,"column":0},"end":{"line":3,"column":0}},"3":{"start":{"line":4,"column":0},"end":{"line":4,"column":7}},"4":{"start":{"line":5,"column":0},"end":{"line":5,"column":44}},"5":{"start":{"line":6,"column":0},"end":{"line":6,"column":0}},"6":{"start":{"line":7,"column":0},"end":{"line":7,"column":15}},"7":{"start":{"line":8,"column":0},"end":{"line":8,"column":64}},"8":{"start":{"line":9,"column":0},"end":{"line":9,"column":19}},"9":{"start":{"line":10,"column":0},"end":{"line":10,"column":30}},"10":{"start":{"line":11,"column":0},"end":{"line":11,"column":27}},"11":{"start":{"line":12,"column":0},"end":{"line":12,"column":0}},"12":{"start":{"line":13,"column":0},"end":{"line":13,"column":40}},"13":{"start":{"line":14,"column":0},"end":{"line":14,"column":26}},"14":{"start":{"line":15,"column":0},"end":{"line":15,"column":33}},"15":{"start":{"line":16,"column":0},"end":{"line":16,"column":2}},"16":{"start":{"line":17,"column":0},"end":{"line":17,"column":0}},"17":{"start":{"line":18,"column":0},"end":{"line":18,"column":23}},"18":{"start":{"line":19,"column":0},"end":{"line":19,"column":34}},"19":{"start":{"line":20,"column":0},"end":{"line":20,"column":2}},"20":{"start":{"line":21,"column":0},"end":{"line":21,"column":0}},"21":{"start":{"line":22,"column":0},"end":{"line":22,"column":32}},"22":{"start":{"line":23,"column":0},"end":{"line":23,"column":34}},"23":{"start":{"line":24,"column":0},"end":{"line":24,"column":2}},"24":{"start":{"line":25,"column":0},"end":{"line":25,"column":0}},"25":{"start":{"line":26,"column":0},"end":{"line":26,"column":25}},"26":{"start":{"line":27,"column":0},"end":{"line":27,"column":22}},"27":{"start":{"line":28,"column":0},"end":{"line":28,"column":26}},"28":{"start":{"line":29,"column":0},"end":{"line":29,"column":41}},"29":{"start":{"line":30,"column":0},"end":{"line":30,"column":31}},"30":{"start":{"line":31,"column":0},"end":{"line":31,"column":73}},"31":{"start":{"line":32,"column":0},"end":{"line":32,"column":23}},"32":{"start":{"line":33,"column":0},"end":{"line":33,"column":4}},"33":{"start":{"line":34,"column":0},"end":{"line":34,"column":3}},"34":{"start":{"line":35,"column":0},"end":{"line":35,"column":14}},"35":{"start":{"line":36,"column":0},"end":{"line":36,"column":2}},"36":{"start":{"line":37,"column":0},"end":{"line":37,"column":0}},"37":{"start":{"line":38,"column":0},"end":{"line":38,"column":34}},"38":{"start":{"line":39,"column":0},"end":{"line":39,"column":23}},"39":{"start":{"line":40,"column":0},"end":{"line":40,"column":2}},"40":{"start":{"line":41,"column":0},"end":{"line":41,"column":0}},"41":{"start":{"line":42,"column":0},"end":{"line":42,"column":36}},"42":{"start":{"line":43,"column":0},"end":{"line":43,"column":39}},"43":{"start":{"line":44,"column":0},"end":{"line":44,"column":33}},"44":{"start":{"line":45,"column":0},"end":{"line":45,"column":25}},"45":{"start":{"line":46,"column":0},"end":{"line":46,"column":2}},"46":{"start":{"line":47,"column":0},"end":{"line":47,"column":0}},"47":{"start":{"line":48,"column":0},"end":{"line":48,"column":71}},"48":{"start":{"line":49,"column":0},"end":{"line":49,"column":16}},"49":{"start":{"line":50,"column":0},"end":{"line":50,"column":17}},"50":{"start":{"line":51,"column":0},"end":{"line":51,"column":66}},"51":{"start":{"line":52,"column":0},"end":{"line":52,"column":55}},"52":{"start":{"line":53,"column":0},"end":{"line":53,"column":10}},"53":{"start":{"line":54,"column":0},"end":{"line":54,"column":35}},"54":{"start":{"line":55,"column":0},"end":{"line":55,"column":3}},"55":{"start":{"line":56,"column":0},"end":{"line":56,"column":0}},"56":{"start":{"line":57,"column":0},"end":{"line":57,"column":43}},"57":{"start":{"line":58,"column":0},"end":{"line":58,"column":53}},"58":{"start":{"line":59,"column":0},"end":{"line":59,"column":0}},"59":{"start":{"line":60,"column":0},"end":{"line":60,"column":7}},"60":{"start":{"line":61,"column":0},"end":{"line":61,"column":86}},"61":{"start":{"line":62,"column":0},"end":{"line":62,"column":19}},"62":{"start":{"line":63,"column":0},"end":{"line":63,"column":63}},"63":{"start":{"line":64,"column":0},"end":{"line":64,"column":39}},"64":{"start":{"line":65,"column":0},"end":{"line":65,"column":3}},"65":{"start":{"line":66,"column":0},"end":{"line":66,"column":2}},"66":{"start":{"line":67,"column":0},"end":{"line":67,"column":28}},"67":{"start":{"line":68,"column":0},"end":{"line":68,"column":88}},"68":{"start":{"line":69,"column":0},"end":{"line":69,"column":13}},"69":{"start":{"line":70,"column":0},"end":{"line":70,"column":30}},"70":{"start":{"line":71,"column":0},"end":{"line":71,"column":35}},"71":{"start":{"line":72,"column":0},"end":{"line":72,"column":36}},"72":{"start":{"line":73,"column":0},"end":{"line":73,"column":15}},"73":{"start":{"line":74,"column":0},"end":{"line":74,"column":3}},"74":{"start":{"line":75,"column":0},"end":{"line":75,"column":36}},"75":{"start":{"line":76,"column":0},"end":{"line":76,"column":0}},"76":{"start":{"line":77,"column":0},"end":{"line":77,"column":14}},"77":{"start":{"line":78,"column":0},"end":{"line":78,"column":49}},"78":{"start":{"line":79,"column":0},"end":{"line":79,"column":20}},"79":{"start":{"line":80,"column":0},"end":{"line":80,"column":15}},"80":{"start":{"line":81,"column":0},"end":{"line":81,"column":3}},"81":{"start":{"line":82,"column":0},"end":{"line":82,"column":0}},"82":{"start":{"line":83,"column":0},"end":{"line":83,"column":21}},"83":{"start":{"line":84,"column":0},"end":{"line":84,"column":2}},"84":{"start":{"line":85,"column":0},"end":{"line":85,"column":0}},"85":{"start":{"line":86,"column":0},"end":{"line":86,"column":22}},"86":{"start":{"line":87,"column":0},"end":{"line":87,"column":59}},"87":{"start":{"line":88,"column":0},"end":{"line":88,"column":37}},"88":{"start":{"line":89,"column":0},"end":{"line":89,"column":37}},"89":{"start":{"line":90,"column":0},"end":{"line":90,"column":3}},"90":{"start":{"line":91,"column":0},"end":{"line":91,"column":58}},"91":{"start":{"line":92,"column":0},"end":{"line":92,"column":2}},"92":{"start":{"line":93,"column":0},"end":{"line":93,"column":0}},"93":{"start":{"line":94,"column":0},"end":{"line":94,"column":10}},"94":{"start":{"line":95,"column":0},"end":{"line":95,"column":28}},"95":{"start":{"line":96,"column":0},"end":{"line":96,"column":24}},"96":{"start":{"line":97,"column":0},"end":{"line":97,"column":2}},"97":{"start":{"line":98,"column":0},"end":{"line":98,"column":0}},"98":{"start":{"line":99,"column":0},"end":{"line":99,"column":17}},"99":{"start":{"line":100,"column":0},"end":{"line":100,"column":30}},"100":{"start":{"line":101,"column":0},"end":{"line":101,"column":25}},"101":{"start":{"line":102,"column":0},"end":{"line":102,"column":20}},"102":{"start":{"line":103,"column":0},"end":{"line":103,"column":5}},"103":{"start":{"line":104,"column":0},"end":{"line":104,"column":2}},"104":{"start":{"line":105,"column":0},"end":{"line":105,"column":47}},"105":{"start":{"line":106,"column":0},"end":{"line":106,"column":26}},"106":{"start":{"line":107,"column":0},"end":{"line":107,"column":41}},"107":{"start":{"line":108,"column":0},"end":{"line":108,"column":31}},"108":{"start":{"line":109,"column":0},"end":{"line":109,"column":85}},"109":{"start":{"line":110,"column":0},"end":{"line":110,"column":23}},"110":{"start":{"line":111,"column":0},"end":{"line":111,"column":4}},"111":{"start":{"line":112,"column":0},"end":{"line":112,"column":3}},"112":{"start":{"line":113,"column":0},"end":{"line":113,"column":25}},"113":{"start":{"line":114,"column":0},"end":{"line":114,"column":20}},"114":{"start":{"line":115,"column":0},"end":{"line":115,"column":5}},"115":{"start":{"line":116,"column":0},"end":{"line":116,"column":2}},"116":{"start":{"line":117,"column":0},"end":{"line":117,"column":1}},"117":{"start":{"line":118,"column":0},"end":{"line":118,"column":0}},"118":{"start":{"line":119,"column":0},"end":{"line":119,"column":56}},"119":{"start":{"line":120,"column":0},"end":{"line":120,"column":60}}},"s":{"0":1,"1":1,"2":1,"3":1,"4":1,"5":1,"6":1,"7":1,"8":1,"9":1,"10":1,"11":1,"12":1,"13":2,"14":2,"15":2,"16":1,"17":1,"18":22,"19":22,"20":1,"21":1,"22":10,"23":10,"24":1,"25":1,"26":1,"27":5,"28":5,"29":6,"30":6,"31":5,"32":5,"33":6,"34":5,"35":5,"36":1,"37":1,"38":4,"39":4,"40":1,"41":1,"42":5,"43":4,"44":4,"45":5,"46":1,"47":1,"48":14,"49":14,"50":14,"51":12,"52":14,"53":2,"54":2,"55":14,"56":14,"57":14,"58":14,"59":14,"60":14,"61":14,"62":1,"63":1,"64":1,"65":14,"66":1,"67":6,"68":6,"69":6,"70":3,"71":3,"72":2,"73":2,"74":3,"75":3,"76":3,"77":6,"78":2,"79":2,"80":2,"81":1,"82":1,"83":6,"84":1,"85":1,"86":7,"87":7,"88":4,"89":4,"90":7,"91":7,"92":1,"93":1,"94":12,"95":12,"96":12,"97":1,"98":1,"99":1,"100":1,"101":1,"102":1,"103":1,"104":1,"105":4,"106":4,"107":3,"108":3,"109":3,"110":3,"111":3,"112":4,"113":3,"114":4,"115":4,"116":1,"117":1,"118":1,"119":1},"branchMap":{"0":{"type":"branch","line":13,"loc":{"start":{"line":13,"column":1},"end":{"line":16,"column":2}},"locations":[{"start":{"line":13,"column":1},"end":{"line":16,"column":2}}]},"1":{"type":"branch","line":18,"loc":{"start":{"line":18,"column":1},"end":{"line":20,"column":2}},"locations":[{"start":{"line":18,"column":1},"end":{"line":20,"column":2}}]},"2":{"type":"branch","line":22,"loc":{"start":{"line":22,"column":1},"end":{"line":24,"column":2}},"locations":[{"start":{"line":22,"column":1},"end":{"line":24,"column":2}}]},"3":{"type":"branch","line":27,"loc":{"start":{"line":27,"column":1},"end":{"line":36,"column":2}},"locations":[{"start":{"line":27,"column":1},"end":{"line":36,"column":2}}]},"4":{"type":"branch","line":29,"loc":{"start":{"line":29,"column":40},"end":{"line":34,"column":3}},"locations":[{"start":{"line":29,"column":40},"end":{"line":34,"column":3}}]},"5":{"type":"branch","line":31,"loc":{"start":{"line":31,"column":72},"end":{"line":33,"column":4}},"locations":[{"start":{"line":31,"column":72},"end":{"line":33,"column":4}}]},"6":{"type":"branch","line":38,"loc":{"start":{"line":38,"column":1},"end":{"line":40,"column":2}},"locations":[{"start":{"line":38,"column":1},"end":{"line":40,"column":2}}]},"7":{"type":"branch","line":42,"loc":{"start":{"line":42,"column":1},"end":{"line":46,"column":2}},"locations":[{"start":{"line":42,"column":1},"end":{"line":46,"column":2}}]},"8":{"type":"branch","line":43,"loc":{"start":{"line":43,"column":32},"end":{"line":43,"column":39}},"locations":[{"start":{"line":43,"column":32},"end":{"line":43,"column":39}}]},"9":{"type":"branch","line":43,"loc":{"start":{"line":43,"column":32},"end":{"line":45,"column":25}},"locations":[{"start":{"line":43,"column":32},"end":{"line":45,"column":25}}]},"10":{"type":"branch","line":48,"loc":{"start":{"line":48,"column":1},"end":{"line":66,"column":2}},"locations":[{"start":{"line":48,"column":1},"end":{"line":66,"column":2}}]},"11":{"type":"branch","line":51,"loc":{"start":{"line":51,"column":18},"end":{"line":51,"column":65}},"locations":[{"start":{"line":51,"column":18},"end":{"line":51,"column":65}}]},"12":{"type":"branch","line":51,"loc":{"start":{"line":51,"column":65},"end":{"line":53,"column":9}},"locations":[{"start":{"line":51,"column":65},"end":{"line":53,"column":9}}]},"13":{"type":"branch","line":53,"loc":{"start":{"line":53,"column":2},"end":{"line":55,"column":3}},"locations":[{"start":{"line":53,"column":2},"end":{"line":55,"column":3}}]},"14":{"type":"branch","line":62,"loc":{"start":{"line":62,"column":2},"end":{"line":65,"column":3}},"locations":[{"start":{"line":62,"column":2},"end":{"line":65,"column":3}}]},"15":{"type":"branch","line":67,"loc":{"start":{"line":67,"column":1},"end":{"line":84,"column":2}},"locations":[{"start":{"line":67,"column":1},"end":{"line":84,"column":2}}]},"16":{"type":"branch","line":70,"loc":{"start":{"line":70,"column":29},"end":{"line":78,"column":48}},"locations":[{"start":{"line":70,"column":29},"end":{"line":78,"column":48}}]},"17":{"type":"branch","line":72,"loc":{"start":{"line":72,"column":17},"end":{"line":72,"column":36}},"locations":[{"start":{"line":72,"column":17},"end":{"line":72,"column":36}}]},"18":{"type":"branch","line":72,"loc":{"start":{"line":72,"column":31},"end":{"line":74,"column":3}},"locations":[{"start":{"line":72,"column":31},"end":{"line":74,"column":3}}]},"19":{"type":"branch","line":78,"loc":{"start":{"line":78,"column":48},"end":{"line":81,"column":3}},"locations":[{"start":{"line":78,"column":48},"end":{"line":81,"column":3}}]},"20":{"type":"branch","line":81,"loc":{"start":{"line":81,"column":2},"end":{"line":83,"column":21}},"locations":[{"start":{"line":81,"column":2},"end":{"line":83,"column":21}}]},"21":{"type":"branch","line":86,"loc":{"start":{"line":86,"column":1},"end":{"line":92,"column":2}},"locations":[{"start":{"line":86,"column":1},"end":{"line":92,"column":2}}]},"22":{"type":"branch","line":88,"loc":{"start":{"line":88,"column":36},"end":{"line":90,"column":3}},"locations":[{"start":{"line":88,"column":36},"end":{"line":90,"column":3}}]},"23":{"type":"branch","line":94,"loc":{"start":{"line":94,"column":1},"end":{"line":97,"column":2}},"locations":[{"start":{"line":94,"column":1},"end":{"line":97,"column":2}}]},"24":{"type":"branch","line":99,"loc":{"start":{"line":99,"column":1},"end":{"line":104,"column":2}},"locations":[{"start":{"line":99,"column":1},"end":{"line":104,"column":2}}]},"25":{"type":"branch","line":101,"loc":{"start":{"line":101,"column":15},"end":{"line":103,"column":3}},"locations":[{"start":{"line":101,"column":15},"end":{"line":103,"column":3}}]},"26":{"type":"branch","line":105,"loc":{"start":{"line":105,"column":9},"end":{"line":116,"column":2}},"locations":[{"start":{"line":105,"column":9},"end":{"line":116,"column":2}}]},"27":{"type":"branch","line":107,"loc":{"start":{"line":107,"column":40},"end":{"line":112,"column":3}},"locations":[{"start":{"line":107,"column":40},"end":{"line":112,"column":3}}]},"28":{"type":"branch","line":113,"loc":{"start":{"line":113,"column":15},"end":{"line":115,"column":3}},"locations":[{"start":{"line":113,"column":15},"end":{"line":115,"column":3}}]},"29":{"type":"branch","line":119,"loc":{"start":{"line":119,"column":54},"end":{"line":119,"column":56}},"locations":[{"start":{"line":119,"column":54},"end":{"line":119,"column":56}}]},"30":{"type":"branch","line":120,"loc":{"start":{"line":120,"column":58},"end":{"line":120,"column":60}},"locations":[{"start":{"line":120,"column":58},"end":{"line":120,"column":60}}]}},"b":{"0":[2],"1":[22],"2":[10],"3":[5],"4":[6],"5":[5],"6":[4],"7":[5],"8":[1],"9":[4],"10":[14],"11":[3],"12":[12],"13":[2],"14":[1],"15":[6],"16":[3],"17":[1],"18":[2],"19":[2],"20":[1],"21":[7],"22":[4],"23":[12],"24":[1],"25":[1],"26":[4],"27":[3],"28":[3],"29":[49],"30":[5]},"fnMap":{"0":{"name":"Storage","decl":{"start":{"line":13,"column":1},"end":{"line":16,"column":2}},"loc":{"start":{"line":13,"column":1},"end":{"line":16,"column":2}},"line":13},"1":{"name":"get length","decl":{"start":{"line":18,"column":1},"end":{"line":20,"column":2}},"loc":{"start":{"line":18,"column":1},"end":{"line":20,"column":2}},"line":18},"2":{"name":"key","decl":{"start":{"line":22,"column":1},"end":{"line":24,"column":2}},"loc":{"start":{"line":22,"column":1},"end":{"line":24,"column":2}},"line":22},"3":{"name":"ownKeys","decl":{"start":{"line":27,"column":1},"end":{"line":36,"column":2}},"loc":{"start":{"line":27,"column":1},"end":{"line":36,"column":2}},"line":27},"4":{"name":"setPrefix","decl":{"start":{"line":38,"column":1},"end":{"line":40,"column":2}},"loc":{"start":{"line":38,"column":1},"end":{"line":40,"column":2}},"line":38},"5":{"name":"setVersion","decl":{"start":{"line":42,"column":1},"end":{"line":46,"column":2}},"loc":{"start":{"line":42,"column":1},"end":{"line":46,"column":2}},"line":42},"6":{"name":"set","decl":{"start":{"line":48,"column":1},"end":{"line":66,"column":2}},"loc":{"start":{"line":48,"column":1},"end":{"line":66,"column":2}},"line":48},"7":{"name":"get","decl":{"start":{"line":67,"column":1},"end":{"line":84,"column":2}},"loc":{"start":{"line":67,"column":1},"end":{"line":84,"column":2}},"line":67},"8":{"name":"remove","decl":{"start":{"line":86,"column":1},"end":{"line":92,"column":2}},"loc":{"start":{"line":86,"column":1},"end":{"line":92,"column":2}},"line":86},"9":{"name":"clear","decl":{"start":{"line":94,"column":1},"end":{"line":97,"column":2}},"loc":{"start":{"line":94,"column":1},"end":{"line":97,"column":2}},"line":94},"10":{"name":"clearOwnKeys","decl":{"start":{"line":99,"column":1},"end":{"line":104,"column":2}},"loc":{"start":{"line":99,"column":1},"end":{"line":104,"column":2}},"line":99},"11":{"name":"clearPrevVersion","decl":{"start":{"line":105,"column":9},"end":{"line":116,"column":2}},"loc":{"start":{"line":105,"column":9},"end":{"line":116,"column":2}},"line":105},"12":{"name":"get","decl":{"start":{"line":119,"column":54},"end":{"line":119,"column":56}},"loc":{"start":{"line":119,"column":54},"end":{"line":119,"column":56}},"line":119},"13":{"name":"get","decl":{"start":{"line":120,"column":58},"end":{"line":120,"column":60}},"loc":{"start":{"line":120,"column":58},"end":{"line":120,"column":60}},"line":120}},"f":{"0":2,"1":22,"2":10,"3":5,"4":4,"5":5,"6":14,"7":6,"8":7,"9":12,"10":1,"11":4,"12":49,"13":5}}
,"/Users/dongjiang/Documents/workspace/gitClone/self/toolkit/packages/utils/src/storage/linked-list.ts": {"path":"/Users/dongjiang/Documents/workspace/gitClone/self/toolkit/packages/utils/src/storage/linked-list.ts","all":false,"statementMap":{"0":{"start":{"line":1,"column":0},"end":{"line":1,"column":71}},"1":{"start":{"line":2,"column":0},"end":{"line":2,"column":0}},"2":{"start":{"line":3,"column":0},"end":{"line":3,"column":48}},"3":{"start":{"line":4,"column":0},"end":{"line":4,"column":13}},"4":{"start":{"line":5,"column":0},"end":{"line":5,"column":19}},"5":{"start":{"line":6,"column":0},"end":{"line":6,"column":26}},"6":{"start":{"line":7,"column":0},"end":{"line":7,"column":26}},"7":{"start":{"line":8,"column":0},"end":{"line":8,"column":0}},"8":{"start":{"line":9,"column":0},"end":{"line":9,"column":46}},"9":{"start":{"line":10,"column":0},"end":{"line":10,"column":17}},"10":{"start":{"line":11,"column":0},"end":{"line":11,"column":19}},"11":{"start":{"line":12,"column":0},"end":{"line":12,"column":19}},"12":{"start":{"line":13,"column":0},"end":{"line":13,"column":19}},"13":{"start":{"line":14,"column":0},"end":{"line":14,"column":2}},"14":{"start":{"line":15,"column":0},"end":{"line":15,"column":1}},"15":{"start":{"line":16,"column":0},"end":{"line":16,"column":0}},"16":{"start":{"line":17,"column":0},"end":{"line":17,"column":39}},"17":{"start":{"line":18,"column":0},"end":{"line":18,"column":26}},"18":{"start":{"line":19,"column":0},"end":{"line":19,"column":26}},"19":{"start":{"line":20,"column":0},"end":{"line":20,"column":16}},"20":{"start":{"line":21,"column":0},"end":{"line":21,"column":0}},"21":{"start":{"line":22,"column":0},"end":{"line":22,"column":16}},"22":{"start":{"line":23,"column":0},"end":{"line":23,"column":19}},"23":{"start":{"line":24,"column":0},"end":{"line":24,"column":19}},"24":{"start":{"line":25,"column":0},"end":{"line":25,"column":18}},"25":{"start":{"line":26,"column":0},"end":{"line":26,"column":2}},"26":{"start":{"line":27,"column":0},"end":{"line":27,"column":0}},"27":{"start":{"line":28,"column":0},"end":{"line":28,"column":34}},"28":{"start":{"line":29,"column":0},"end":{"line":29,"column":29}},"29":{"start":{"line":30,"column":0},"end":{"line":30,"column":13}},"30":{"start":{"line":31,"column":0},"end":{"line":31,"column":21}},"31":{"start":{"line":32,"column":0},"end":{"line":32,"column":34}},"32":{"start":{"line":33,"column":0},"end":{"line":33,"column":3}},"33":{"start":{"line":34,"column":0},"end":{"line":34,"column":2}},"34":{"start":{"line":35,"column":0},"end":{"line":35,"column":0}},"35":{"start":{"line":36,"column":0},"end":{"line":36,"column":51}},"36":{"start":{"line":37,"column":0},"end":{"line":37,"column":30}},"37":{"start":{"line":38,"column":0},"end":{"line":38,"column":33}},"38":{"start":{"line":39,"column":0},"end":{"line":39,"column":33}},"39":{"start":{"line":40,"column":0},"end":{"line":40,"column":11}},"40":{"start":{"line":41,"column":0},"end":{"line":41,"column":4}},"41":{"start":{"line":42,"column":0},"end":{"line":42,"column":28}},"42":{"start":{"line":43,"column":0},"end":{"line":43,"column":23}},"43":{"start":{"line":44,"column":0},"end":{"line":44,"column":23}},"44":{"start":{"line":45,"column":0},"end":{"line":45,"column":34}},"45":{"start":{"line":46,"column":0},"end":{"line":46,"column":25}},"46":{"start":{"line":47,"column":0},"end":{"line":47,"column":25}},"47":{"start":{"line":48,"column":0},"end":{"line":48,"column":20}},"48":{"start":{"line":49,"column":0},"end":{"line":49,"column":10}},"49":{"start":{"line":50,"column":0},"end":{"line":50,"column":20}},"50":{"start":{"line":51,"column":0},"end":{"line":51,"column":20}},"51":{"start":{"line":52,"column":0},"end":{"line":52,"column":20}},"52":{"start":{"line":53,"column":0},"end":{"line":53,"column":3}},"53":{"start":{"line":54,"column":0},"end":{"line":54,"column":16}},"54":{"start":{"line":55,"column":0},"end":{"line":55,"column":2}},"55":{"start":{"line":56,"column":0},"end":{"line":56,"column":0}},"56":{"start":{"line":57,"column":0},"end":{"line":57,"column":30}},"57":{"start":{"line":58,"column":0},"end":{"line":58,"column":27}},"58":{"start":{"line":59,"column":0},"end":{"line":59,"column":21}},"59":{"start":{"line":60,"column":0},"end":{"line":60,"column":10}},"60":{"start":{"line":61,"column":0},"end":{"line":61,"column":3}},"61":{"start":{"line":62,"column":0},"end":{"line":62,"column":24}},"62":{"start":{"line":63,"column":0},"end":{"line":63,"column":24}},"63":{"start":{"line":64,"column":0},"end":{"line":64,"column":19}},"64":{"start":{"line":65,"column":0},"end":{"line":65,"column":16}},"65":{"start":{"line":66,"column":0},"end":{"line":66,"column":2}},"66":{"start":{"line":67,"column":0},"end":{"line":67,"column":0}},"67":{"start":{"line":68,"column":0},"end":{"line":68,"column":28}},"68":{"start":{"line":69,"column":0},"end":{"line":69,"column":35}},"69":{"start":{"line":70,"column":0},"end":{"line":70,"column":53}},"70":{"start":{"line":71,"column":0},"end":{"line":71,"column":53}},"71":{"start":{"line":72,"column":0},"end":{"line":72,"column":48}},"72":{"start":{"line":73,"column":0},"end":{"line":73,"column":48}},"73":{"start":{"line":74,"column":0},"end":{"line":74,"column":19}},"74":{"start":{"line":75,"column":0},"end":{"line":75,"column":2}},"75":{"start":{"line":76,"column":0},"end":{"line":76,"column":0}},"76":{"start":{"line":77,"column":0},"end":{"line":77,"column":35}},"77":{"start":{"line":78,"column":0},"end":{"line":78,"column":27}},"78":{"start":{"line":79,"column":0},"end":{"line":79,"column":37}},"79":{"start":{"line":80,"column":0},"end":{"line":80,"column":24}},"80":{"start":{"line":81,"column":0},"end":{"line":81,"column":18}},"81":{"start":{"line":82,"column":0},"end":{"line":82,"column":2}},"82":{"start":{"line":83,"column":0},"end":{"line":83,"column":0}},"83":{"start":{"line":84,"column":0},"end":{"line":84,"column":39}},"84":{"start":{"line":85,"column":0},"end":{"line":85,"column":14}},"85":{"start":{"line":86,"column":0},"end":{"line":86,"column":29}},"86":{"start":{"line":87,"column":0},"end":{"line":87,"column":30}},"87":{"start":{"line":88,"column":0},"end":{"line":88,"column":26}},"88":{"start":{"line":89,"column":0},"end":{"line":89,"column":16}},"89":{"start":{"line":90,"column":0},"end":{"line":90,"column":4}},"90":{"start":{"line":91,"column":0},"end":{"line":91,"column":3}},"91":{"start":{"line":92,"column":0},"end":{"line":92,"column":15}},"92":{"start":{"line":93,"column":0},"end":{"line":93,"column":2}},"93":{"start":{"line":94,"column":0},"end":{"line":94,"column":0}},"94":{"start":{"line":95,"column":0},"end":{"line":95,"column":53}},"95":{"start":{"line":96,"column":0},"end":{"line":96,"column":16}},"96":{"start":{"line":97,"column":0},"end":{"line":97,"column":17}},"97":{"start":{"line":98,"column":0},"end":{"line":98,"column":14}},"98":{"start":{"line":99,"column":0},"end":{"line":99,"column":29}},"99":{"start":{"line":100,"column":0},"end":{"line":100,"column":30}},"100":{"start":{"line":101,"column":0},"end":{"line":101,"column":14}},"101":{"start":{"line":102,"column":0},"end":{"line":102,"column":38}},"102":{"start":{"line":103,"column":0},"end":{"line":103,"column":3}},"103":{"start":{"line":104,"column":0},"end":{"line":104,"column":15}},"104":{"start":{"line":105,"column":0},"end":{"line":105,"column":2}},"105":{"start":{"line":106,"column":0},"end":{"line":106,"column":0}},"106":{"start":{"line":107,"column":0},"end":{"line":107,"column":12}},"107":{"start":{"line":108,"column":0},"end":{"line":108,"column":47}},"108":{"start":{"line":109,"column":0},"end":{"line":109,"column":2}},"109":{"start":{"line":110,"column":0},"end":{"line":110,"column":0}},"110":{"start":{"line":111,"column":0},"end":{"line":111,"column":10}},"111":{"start":{"line":112,"column":0},"end":{"line":112,"column":19}},"112":{"start":{"line":113,"column":0},"end":{"line":113,"column":19}},"113":{"start":{"line":114,"column":0},"end":{"line":114,"column":18}},"114":{"start":{"line":115,"column":0},"end":{"line":115,"column":2}},"115":{"start":{"line":116,"column":0},"end":{"line":116,"column":0}},"116":{"start":{"line":117,"column":0},"end":{"line":117,"column":32}},"117":{"start":{"line":118,"column":0},"end":{"line":118,"column":16}},"118":{"start":{"line":119,"column":0},"end":{"line":119,"column":21}},"119":{"start":{"line":120,"column":0},"end":{"line":120,"column":17}},"120":{"start":{"line":121,"column":0},"end":{"line":121,"column":27}},"121":{"start":{"line":122,"column":0},"end":{"line":122,"column":15}},"122":{"start":{"line":123,"column":0},"end":{"line":123,"column":4}},"123":{"start":{"line":124,"column":0},"end":{"line":124,"column":14}},"124":{"start":{"line":125,"column":0},"end":{"line":125,"column":4}},"125":{"start":{"line":126,"column":0},"end":{"line":126,"column":2}},"126":{"start":{"line":127,"column":0},"end":{"line":127,"column":0}},"127":{"start":{"line":128,"column":0},"end":{"line":128,"column":22}},"128":{"start":{"line":129,"column":0},"end":{"line":129,"column":26}},"129":{"start":{"line":130,"column":0},"end":{"line":130,"column":10}},"130":{"start":{"line":131,"column":0},"end":{"line":131,"column":16}},"131":{"start":{"line":132,"column":0},"end":{"line":132,"column":18}},"132":{"start":{"line":133,"column":0},"end":{"line":133,"column":32}},"133":{"start":{"line":134,"column":0},"end":{"line":134,"column":28}},"134":{"start":{"line":135,"column":0},"end":{"line":135,"column":42}},"135":{"start":{"line":136,"column":0},"end":{"line":136,"column":5}},"136":{"start":{"line":137,"column":0},"end":{"line":137,"column":44}},"137":{"start":{"line":138,"column":0},"end":{"line":138,"column":5}},"138":{"start":{"line":139,"column":0},"end":{"line":139,"column":4}},"139":{"start":{"line":140,"column":0},"end":{"line":140,"column":2}},"140":{"start":{"line":141,"column":0},"end":{"line":141,"column":1}}},"s":{"0":1,"1":1,"2":1,"3":1,"4":1,"5":1,"6":1,"7":1,"8":1,"9":5,"10":5,"11":5,"12":5,"13":5,"14":5,"15":1,"16":1,"17":1,"18":1,"19":1,"20":1,"21":1,"22":3,"23":3,"24":3,"25":3,"26":1,"27":1,"28":0,"29":0,"30":0,"31":0,"32":0,"33":0,"34":1,"35":1,"36":3,"37":0,"38":0,"39":0,"40":0,"41":0,"42":0,"43":0,"44":3,"45":0,"46":0,"47":0,"48":3,"49":3,"50":3,"51":3,"52":3,"53":3,"54":3,"55":1,"56":1,"57":5,"58":3,"59":3,"60":3,"61":2,"62":2,"63":2,"64":2,"65":5,"66":1,"67":1,"68":2,"69":2,"70":2,"71":2,"72":2,"73":2,"74":2,"75":1,"76":1,"77":1,"78":1,"79":1,"80":1,"81":1,"82":1,"83":1,"84":2,"85":2,"86":2,"87":3,"88":2,"89":2,"90":3,"91":0,"92":2,"93":1,"94":1,"95":1,"96":0,"97":0,"98":0,"99":0,"100":0,"101":0,"102":0,"103":0,"104":0,"105":1,"106":1,"107":0,"108":0,"109":1,"110":1,"111":12,"112":12,"113":12,"114":12,"115":1,"116":1,"117":2,"118":3,"119":3,"120":3,"121":3,"122":3,"123":0,"124":3,"125":2,"126":1,"127":1,"128":0,"129":0,"130":0,"131":0,"132":0,"133":0,"134":0,"135":0,"136":0,"137":0,"138":0,"139":0,"140":1},"branchMap":{"0":{"type":"branch","line":9,"loc":{"start":{"line":9,"column":1},"end":{"line":14,"column":2}},"locations":[{"start":{"line":9,"column":1},"end":{"line":14,"column":2}}]},"1":{"type":"branch","line":15,"loc":{"start":{"line":15,"column":0},"end":{"line":15,"column":1}},"locations":[{"start":{"line":15,"column":0},"end":{"line":15,"column":1}}]},"2":{"type":"branch","line":22,"loc":{"start":{"line":22,"column":1},"end":{"line":26,"column":2}},"locations":[{"start":{"line":22,"column":1},"end":{"line":26,"column":2}}]},"3":{"type":"branch","line":36,"loc":{"start":{"line":36,"column":1},"end":{"line":55,"column":2}},"locations":[{"start":{"line":36,"column":1},"end":{"line":55,"column":2}}]},"4":{"type":"branch","line":37,"loc":{"start":{"line":37,"column":29},"end":{"line":45,"column":13}},"locations":[{"start":{"line":37,"column":29},"end":{"line":45,"column":13}}]},"5":{"type":"branch","line":45,"loc":{"start":{"line":45,"column":33},"end":{"line":49,"column":9}},"locations":[{"start":{"line":45,"column":33},"end":{"line":49,"column":9}}]},"6":{"type":"branch","line":57,"loc":{"start":{"line":57,"column":1},"end":{"line":66,"column":2}},"locations":[{"start":{"line":57,"column":1},"end":{"line":66,"column":2}}]},"7":{"type":"branch","line":58,"loc":{"start":{"line":58,"column":26},"end":{"line":61,"column":3}},"locations":[{"start":{"line":58,"column":26},"end":{"line":61,"column":3}}]},"8":{"type":"branch","line":61,"loc":{"start":{"line":61,"column":2},"end":{"line":65,"column":16}},"locations":[{"start":{"line":61,"column":2},"end":{"line":65,"column":16}}]},"9":{"type":"branch","line":68,"loc":{"start":{"line":68,"column":1},"end":{"line":75,"column":2}},"locations":[{"start":{"line":68,"column":1},"end":{"line":75,"column":2}}]},"10":{"type":"branch","line":69,"loc":{"start":{"line":69,"column":28},"end":{"line":69,"column":35}},"locations":[{"start":{"line":69,"column":28},"end":{"line":69,"column":35}}]},"11":{"type":"branch","line":70,"loc":{"start":{"line":70,"column":26},"end":{"line":70,"column":53}},"locations":[{"start":{"line":70,"column":26},"end":{"line":70,"column":53}}]},"12":{"type":"branch","line":71,"loc":{"start":{"line":71,"column":26},"end":{"line":71,"column":53}},"locations":[{"start":{"line":71,"column":26},"end":{"line":71,"column":53}}]},"13":{"type":"branch","line":72,"loc":{"start":{"line":72,"column":26},"end":{"line":72,"column":48}},"locations":[{"start":{"line":72,"column":26},"end":{"line":72,"column":48}}]},"14":{"type":"branch","line":77,"loc":{"start":{"line":77,"column":1},"end":{"line":82,"column":2}},"locations":[{"start":{"line":77,"column":1},"end":{"line":82,"column":2}}]},"15":{"type":"branch","line":79,"loc":{"start":{"line":79,"column":25},"end":{"line":79,"column":37}},"locations":[{"start":{"line":79,"column":25},"end":{"line":79,"column":37}}]},"16":{"type":"branch","line":84,"loc":{"start":{"line":84,"column":1},"end":{"line":93,"column":2}},"locations":[{"start":{"line":84,"column":1},"end":{"line":93,"column":2}}]},"17":{"type":"branch","line":87,"loc":{"start":{"line":87,"column":29},"end":{"line":91,"column":3}},"locations":[{"start":{"line":87,"column":29},"end":{"line":91,"column":3}}]},"18":{"type":"branch","line":88,"loc":{"start":{"line":88,"column":25},"end":{"line":90,"column":4}},"locations":[{"start":{"line":88,"column":25},"end":{"line":90,"column":4}}]},"19":{"type":"branch","line":91,"loc":{"start":{"line":91,"column":2},"end":{"line":92,"column":15}},"locations":[{"start":{"line":91,"column":2},"end":{"line":92,"column":15}}]},"20":{"type":"branch","line":111,"loc":{"start":{"line":111,"column":1},"end":{"line":115,"column":2}},"locations":[{"start":{"line":111,"column":1},"end":{"line":115,"column":2}}]},"21":{"type":"branch","line":117,"loc":{"start":{"line":117,"column":1},"end":{"line":126,"column":2}},"locations":[{"start":{"line":117,"column":1},"end":{"line":126,"column":2}}]},"22":{"type":"branch","line":118,"loc":{"start":{"line":118,"column":9},"end":{"line":125,"column":4}},"locations":[{"start":{"line":118,"column":9},"end":{"line":125,"column":4}}]},"23":{"type":"branch","line":123,"loc":{"start":{"line":123,"column":3},"end":{"line":124,"column":14}},"locations":[{"start":{"line":123,"column":3},"end":{"line":124,"column":14}}]}},"b":{"0":[5],"1":[5],"2":[3],"3":[3],"4":[0],"5":[0],"6":[5],"7":[3],"8":[2],"9":[2],"10":[0],"11":[0],"12":[0],"13":[1],"14":[1],"15":[0],"16":[2],"17":[3],"18":[2],"19":[0],"20":[12],"21":[2],"22":[3],"23":[0]},"fnMap":{"0":{"name":"LinkedNode","decl":{"start":{"line":9,"column":1},"end":{"line":14,"column":2}},"loc":{"start":{"line":9,"column":1},"end":{"line":14,"column":2}},"line":9},"1":{"name":"get","decl":{"start":{"line":15,"column":0},"end":{"line":15,"column":1}},"loc":{"start":{"line":15,"column":0},"end":{"line":15,"column":1}},"line":15},"2":{"name":"DoubleLinkedList","decl":{"start":{"line":22,"column":1},"end":{"line":26,"column":2}},"loc":{"start":{"line":22,"column":1},"end":{"line":26,"column":2}},"line":22},"3":{"name":"append","decl":{"start":{"line":28,"column":1},"end":{"line":34,"column":2}},"loc":{"start":{"line":28,"column":1},"end":{"line":34,"column":2}},"line":28},"4":{"name":"insert","decl":{"start":{"line":36,"column":1},"end":{"line":55,"column":2}},"loc":{"start":{"line":36,"column":1},"end":{"line":55,"column":2}},"line":36},"5":{"name":"addFirst","decl":{"start":{"line":57,"column":1},"end":{"line":66,"column":2}},"loc":{"start":{"line":57,"column":1},"end":{"line":66,"column":2}},"line":57},"6":{"name":"remove","decl":{"start":{"line":68,"column":1},"end":{"line":75,"column":2}},"loc":{"start":{"line":68,"column":1},"end":{"line":75,"column":2}},"line":68},"7":{"name":"removeLast","decl":{"start":{"line":77,"column":1},"end":{"line":82,"column":2}},"loc":{"start":{"line":77,"column":1},"end":{"line":82,"column":2}},"line":77},"8":{"name":"contains","decl":{"start":{"line":84,"column":1},"end":{"line":93,"column":2}},"loc":{"start":{"line":84,"column":1},"end":{"line":93,"column":2}},"line":84},"9":{"name":"indexOf","decl":{"start":{"line":96,"column":1},"end":{"line":105,"column":2}},"loc":{"start":{"line":96,"column":1},"end":{"line":105,"column":2}},"line":96},"10":{"name":"isEmpty","decl":{"start":{"line":107,"column":1},"end":{"line":109,"column":2}},"loc":{"start":{"line":107,"column":1},"end":{"line":109,"column":2}},"line":107},"11":{"name":"clear","decl":{"start":{"line":111,"column":1},"end":{"line":115,"column":2}},"loc":{"start":{"line":111,"column":1},"end":{"line":115,"column":2}},"line":111},"12":{"name":"iterator","decl":{"start":{"line":117,"column":1},"end":{"line":126,"column":2}},"loc":{"start":{"line":117,"column":1},"end":{"line":126,"column":2}},"line":117}},"f":{"0":5,"1":5,"2":3,"3":0,"4":3,"5":5,"6":2,"7":1,"8":2,"9":0,"10":0,"11":12,"12":2}}
,"/Users/dongjiang/Documents/workspace/gitClone/self/toolkit/packages/utils/src/storage/lru-cache.ts": {"path":"/Users/dongjiang/Documents/workspace/gitClone/self/toolkit/packages/utils/src/storage/lru-cache.ts","all":false,"statementMap":{"0":{"start":{"line":1,"column":0},"end":{"line":1,"column":61}},"1":{"start":{"line":2,"column":0},"end":{"line":2,"column":38}},"2":{"start":{"line":3,"column":0},"end":{"line":3,"column":0}},"3":{"start":{"line":4,"column":0},"end":{"line":4,"column":38}},"4":{"start":{"line":5,"column":0},"end":{"line":5,"column":31}},"5":{"start":{"line":6,"column":0},"end":{"line":6,"column":18}},"6":{"start":{"line":7,"column":0},"end":{"line":7,"column":31}},"7":{"start":{"line":8,"column":0},"end":{"line":8,"column":30}},"8":{"start":{"line":9,"column":0},"end":{"line":9,"column":0}},"9":{"start":{"line":10,"column":0},"end":{"line":10,"column":38}},"10":{"start":{"line":11,"column":0},"end":{"line":11,"column":27}},"11":{"start":{"line":12,"column":0},"end":{"line":12,"column":23}},"12":{"start":{"line":13,"column":0},"end":{"line":13,"column":43}},"13":{"start":{"line":14,"column":0},"end":{"line":14,"column":2}},"14":{"start":{"line":15,"column":0},"end":{"line":15,"column":0}},"15":{"start":{"line":16,"column":0},"end":{"line":16,"column":38}},"16":{"start":{"line":17,"column":0},"end":{"line":17,"column":39}},"17":{"start":{"line":18,"column":0},"end":{"line":18,"column":26}},"18":{"start":{"line":19,"column":0},"end":{"line":19,"column":58}},"19":{"start":{"line":20,"column":0},"end":{"line":20,"column":55}},"20":{"start":{"line":21,"column":0},"end":{"line":21,"column":49}},"21":{"start":{"line":22,"column":0},"end":{"line":22,"column":45}},"22":{"start":{"line":23,"column":0},"end":{"line":23,"column":3}},"23":{"start":{"line":24,"column":0},"end":{"line":24,"column":33}},"24":{"start":{"line":25,"column":0},"end":{"line":25,"column":26}},"25":{"start":{"line":26,"column":0},"end":{"line":26,"column":2}},"26":{"start":{"line":27,"column":0},"end":{"line":27,"column":0}},"27":{"start":{"line":28,"column":0},"end":{"line":28,"column":39}},"28":{"start":{"line":29,"column":0},"end":{"line":29,"column":27}},"29":{"start":{"line":30,"column":0},"end":{"line":30,"column":39}},"30":{"start":{"line":31,"column":0},"end":{"line":31,"column":15}},"31":{"start":{"line":32,"column":0},"end":{"line":32,"column":3}},"32":{"start":{"line":33,"column":0},"end":{"line":33,"column":52}},"33":{"start":{"line":34,"column":0},"end":{"line":34,"column":33}},"34":{"start":{"line":35,"column":0},"end":{"line":35,"column":0}},"35":{"start":{"line":36,"column":0},"end":{"line":36,"column":25}},"36":{"start":{"line":37,"column":0},"end":{"line":37,"column":2}},"37":{"start":{"line":38,"column":0},"end":{"line":38,"column":0}},"38":{"start":{"line":39,"column":0},"end":{"line":39,"column":10}},"39":{"start":{"line":40,"column":0},"end":{"line":40,"column":19}},"40":{"start":{"line":41,"column":0},"end":{"line":41,"column":26}},"41":{"start":{"line":42,"column":0},"end":{"line":42,"column":2}},"42":{"start":{"line":43,"column":0},"end":{"line":43,"column":1}}},"s":{"0":1,"1":1,"2":1,"3":1,"4":1,"5":1,"6":1,"7":1,"8":1,"9":1,"10":3,"11":3,"12":3,"13":3,"14":1,"15":1,"16":5,"17":5,"18":1,"19":5,"20":1,"21":1,"22":1,"23":5,"24":5,"25":5,"26":1,"27":1,"28":4,"29":3,"30":3,"31":3,"32":1,"33":1,"34":1,"35":1,"36":4,"37":1,"38":1,"39":12,"40":12,"41":12,"42":1},"branchMap":{"0":{"type":"branch","line":10,"loc":{"start":{"line":10,"column":1},"end":{"line":14,"column":2}},"locations":[{"start":{"line":10,"column":1},"end":{"line":14,"column":2}}]},"1":{"type":"branch","line":16,"loc":{"start":{"line":16,"column":1},"end":{"line":26,"column":2}},"locations":[{"start":{"line":16,"column":1},"end":{"line":26,"column":2}}]},"2":{"type":"branch","line":18,"loc":{"start":{"line":18,"column":25},"end":{"line":20,"column":13}},"locations":[{"start":{"line":18,"column":25},"end":{"line":20,"column":13}}]},"3":{"type":"branch","line":20,"loc":{"start":{"line":20,"column":2},"end":{"line":23,"column":3}},"locations":[{"start":{"line":20,"column":2},"end":{"line":23,"column":3}}]},"4":{"type":"branch","line":20,"loc":{"start":{"line":20,"column":54},"end":{"line":23,"column":3}},"locations":[{"start":{"line":20,"column":54},"end":{"line":23,"column":3}}]},"5":{"type":"branch","line":28,"loc":{"start":{"line":28,"column":1},"end":{"line":37,"column":2}},"locations":[{"start":{"line":28,"column":1},"end":{"line":37,"column":2}}]},"6":{"type":"branch","line":29,"loc":{"start":{"line":29,"column":26},"end":{"line":32,"column":3}},"locations":[{"start":{"line":29,"column":26},"end":{"line":32,"column":3}}]},"7":{"type":"branch","line":32,"loc":{"start":{"line":32,"column":2},"end":{"line":36,"column":25}},"locations":[{"start":{"line":32,"column":2},"end":{"line":36,"column":25}}]},"8":{"type":"branch","line":39,"loc":{"start":{"line":39,"column":1},"end":{"line":42,"column":2}},"locations":[{"start":{"line":39,"column":1},"end":{"line":42,"column":2}}]}},"b":{"0":[3],"1":[5],"2":[1],"3":[4],"4":[1],"5":[4],"6":[3],"7":[1],"8":[12]},"fnMap":{"0":{"name":"LRUCache","decl":{"start":{"line":10,"column":1},"end":{"line":14,"column":2}},"loc":{"start":{"line":10,"column":1},"end":{"line":14,"column":2}},"line":10},"1":{"name":"put","decl":{"start":{"line":16,"column":1},"end":{"line":26,"column":2}},"loc":{"start":{"line":16,"column":1},"end":{"line":26,"column":2}},"line":16},"2":{"name":"get","decl":{"start":{"line":28,"column":1},"end":{"line":37,"column":2}},"loc":{"start":{"line":28,"column":1},"end":{"line":37,"column":2}},"line":28},"3":{"name":"clear","decl":{"start":{"line":39,"column":1},"end":{"line":42,"column":2}},"loc":{"start":{"line":39,"column":1},"end":{"line":42,"column":2}},"line":39}},"f":{"0":3,"1":5,"2":4,"3":12}}
}
